<?xml version="1.0" encoding="UTF-8"?>
<!-- Generated by org.testng.reporters.JUnitReportReporter -->
<testsuite hostname="CHETAN" failures="0" tests="11" name="testCases.Cart_3_Test" time="68.613" errors="0" timestamp="2023-12-18T09:15:48 IST" skipped="0">
  <testcase classname="testCases.Cart_3_Test" name="clickCheckoutbtnTest" time="6.084"/>
  <system-out>
    <![CDATA[Varify After Click on Checkoutbtn URL = https://www.saucedemo.com/checkout-step-one.html]]>
  </system-out>
  <testcase classname="testCases.Cart_3_Test" name="clickContinueShoppingbtnTest" time="6.200"/>
  <system-out>
    <![CDATA[Verify After Click on Con Shopping btn URL = https://www.saucedemo.com/inventory.html]]>
  </system-out>
  <testcase classname="testCases.Cart_3_Test" name="verifyCartDescriptionLableTest" time="6.032"/>
  <system-out>
    <![CDATA[Verify Cart Page Description Lable = Description]]>
  </system-out>
  <testcase classname="testCases.Cart_3_Test" name="verifyPrivacyPolocyFooterTest" time="6.025"/>
  <system-out>
    <![CDATA[Visibility of Privacy Policy Footer of Your Cart Page = Â© 2023 Sauce Labs. All Rights Reserved. Terms of Service | Privacy Policy]]>
  </system-out>
  <testcase classname="testCases.Cart_3_Test" name="verifylinkinedLogoTest" time="5.910"/>
  <system-out>
    <![CDATA[Visibility of Linkined Logo = true]]>
  </system-out>
  <testcase classname="testCases.Cart_3_Test" name="verifyYourCartLableTest" time="5.940"/>
  <system-out>
    <![CDATA[Verify Your Cart Lable= Your Cart]]>
  </system-out>
  <testcase classname="testCases.Cart_3_Test" name="verifyCartQTYLableTest" time="5.824"/>
  <system-out>
    <![CDATA[Verify Cart Page QTY Lable = QTY]]>
  </system-out>
  <testcase classname="testCases.Cart_3_Test" name="verifyfacebookLogoTest" time="6.313"/>
  <system-out>
    <![CDATA[Visibility of Facebook Logo = true]]>
  </system-out>
  <testcase classname="testCases.Cart_3_Test" name="verifyURLofApplicationTest" time="5.921"/>
  <system-out>
    <![CDATA[Verify URL of Cart Page = https://www.saucedemo.com/cart.html]]>
  </system-out>
  <testcase classname="testCases.Cart_3_Test" name="verifyTwitterLogoTest" time="7.613"/>
  <system-out>
    <![CDATA[Visibility of Twitter Logo = true]]>
  </system-out>
  <testcase classname="testCases.Cart_3_Test" name="verifyTitleOfApplicationTest" time="6.751"/>
  <system-out>
    <![CDATA[Logo of Cart Page= Swag Labs]]>
  </system-out>
</testsuite> <!-- testCases.Cart_3_Test -->
