<?xml version="1.0" encoding="UTF-8"?>
<!-- Generated by org.testng.reporters.JUnitReportReporter -->
<testsuite hostname="CHETAN" failures="0" tests="6" name="testCases.Checkout_Page_2_Test_5" time="43.913" errors="0" timestamp="2023-12-15T22:52:29 IST" skipped="0">
  <testcase classname="testCases.Checkout_Page_2_Test_5" name="verifyPaymentInfoLableTest" time="7.441"/>
  <system-out>
    <![CDATA[Payment Information]]>
  </system-out>
  <testcase classname="testCases.Checkout_Page_2_Test_5" name="verifycheckoutOverviewLableTest" time="7.458"/>
  <system-out>
    <![CDATA[Lable of Checkout Page 2 = Checkout: Overview]]>
  </system-out>
  <testcase classname="testCases.Checkout_Page_2_Test_5" name="verifyShippinfInfoLableTest" time="7.514"/>
  <system-out>
    <![CDATA[Shipping Information]]>
  </system-out>
  <testcase classname="testCases.Checkout_Page_2_Test_5" name="clickOnFinishBtnTest" time="7.067"/>
  <system-out>
    <![CDATA[URL of Complete Page = https://www.saucedemo.com/checkout-complete.html]]>
  </system-out>
  <testcase classname="testCases.Checkout_Page_2_Test_5" name="verifyDescriptionLableTest" time="7.473"/>
  <system-out>
    <![CDATA[Description]]>
  </system-out>
  <testcase classname="testCases.Checkout_Page_2_Test_5" name="verifyQTYLableTest" time="6.960"/>
  <system-out>
    <![CDATA[QTY]]>
  </system-out>
</testsuite> <!-- testCases.Checkout_Page_2_Test_5 -->
