<?xml version="1.0" encoding="UTF-8"?>
<!-- Generated by org.testng.reporters.JUnitReportReporter -->
<testsuite hostname="CHETAN" failures="0" tests="7" name="testCases.Inventary_Page_2_Test" time="44.706" errors="0" timestamp="2024-01-22T13:45:03 IST" skipped="0">
  <testcase classname="testCases.Inventary_Page_2_Test" name="add6ProductsTest" time="7.176"/>
  <system-out>
    <![CDATA[Total Product Add To Cart = 6]]>
  </system-out>
  <testcase classname="testCases.Inventary_Page_2_Test" name="verifylinkinedLogoTest" time="5.318"/>
  <system-out>
    <![CDATA[Visibility of Linkined Logo = true]]>
  </system-out>
  <testcase classname="testCases.Inventary_Page_2_Test" name="verifyTwitterLogoTest" time="5.293"/>
  <system-out>
    <![CDATA[Visibility of Twitter Logo = true]]>
  </system-out>
  <testcase classname="testCases.Inventary_Page_2_Test" name="verifyfacebookLogoTest" time="5.508"/>
  <system-out>
    <![CDATA[Visibility of Facebook Logo = true]]>
  </system-out>
  <testcase classname="testCases.Inventary_Page_2_Test" name="verifytitleofInventaryPageTest" time="5.433"/>
  <system-out>
    <![CDATA[Logo Of Inventary Page = Swag Labs]]>
  </system-out>
  <testcase classname="testCases.Inventary_Page_2_Test" name="remove2Products" time="6.255"/>
  <system-out>
    <![CDATA[Count of Product After Removing = 4]]>
  </system-out>
  <testcase classname="testCases.Inventary_Page_2_Test" name="verifyProductLableTest" time="9.723"/>
  <system-out>
    <![CDATA[Product Labels Of Inventary Page = Products]]>
  </system-out>
</testsuite> <!-- testCases.Inventary_Page_2_Test -->
