<?xml version="1.0" encoding="UTF-8"?>
<!-- Generated by org.testng.reporters.JUnitReportReporter -->
<testsuite hostname="CHETAN" failures="0" tests="3" name="testCases.LoginPage_1_Test" time="20.241" errors="0" timestamp="2023-12-15T22:52:29 IST" skipped="0">
  <testcase classname="testCases.LoginPage_1_Test" name="verifyTitleofApplicationTest" time="6.151"/>
  <system-out>
    <![CDATA[Verify After Login Title of Application = Swag Labs]]>
  </system-out>
  <testcase classname="testCases.LoginPage_1_Test" name="verifyURLofApplicationTest" time="6.559"/>
  <system-out>
    <![CDATA[Verify Login URL of Application = https://www.saucedemo.com/]]>
  </system-out>
  <testcase classname="testCases.LoginPage_1_Test" name="loginToApplicationTest" time="7.531"/>
  <system-out>
    <![CDATA[Verify After Login Inventary Page URL = https://www.saucedemo.com/inventory.html]]>
  </system-out>
</testsuite> <!-- testCases.LoginPage_1_Test -->
