<?xml version="1.0" encoding="UTF-8"?>
<!-- Generated by org.testng.reporters.JUnitReportReporter -->
<testsuite hostname="CHETAN" failures="0" tests="3" name="testCases.LoginPage_1_Test" time="18.776" errors="0" timestamp="2023-12-27T09:23:44 IST" skipped="0">
  <testcase classname="testCases.LoginPage_1_Test" name="verifyTitleofApplicationTest" time="5.842"/>
  <system-out>
    <![CDATA[Verify After Login Title of Application = Swag Labs]]>
  </system-out>
  <testcase classname="testCases.LoginPage_1_Test" name="verifyURLofApplicationTest" time="6.743"/>
  <system-out>
    <![CDATA[Verify Login URL of Application = https://www.saucedemo.com/]]>
  </system-out>
  <testcase classname="testCases.LoginPage_1_Test" name="loginToApplicationTest" time="6.191"/>
  <system-out>
    <![CDATA[Verify After Login Inventary Page URL = https://www.saucedemo.com/inventory.html]]>
  </system-out>
</testsuite> <!-- testCases.LoginPage_1_Test -->
