<?xml version="1.0" encoding="UTF-8"?>
<!-- Generated by org.testng.reporters.JUnitReportReporter -->
<testsuite hostname="CHETAN" failures="0" tests="10" name="testCases.Cart_3_Test" time="92.738" errors="0" timestamp="2024-02-22T11:41:05 IST" skipped="0">
  <testcase classname="testCases.Cart_3_Test" name="clickCheckoutbtnTest" time="8.263"/>
  <system-out>
    <![CDATA[Varify After Click on Checkoutbtn URL = https://www.saucedemo.com/checkout-step-one.html]]>
  </system-out>
  <testcase classname="testCases.Cart_3_Test" name="verifyTitleOfApplicationTest" time="9.407"/>
  <system-out>
    <![CDATA[Logo of Cart Page= Swag Labs]]>
  </system-out>
  <testcase classname="testCases.Cart_3_Test" name="verifyfacebookLogoTest" time="8.633"/>
  <system-out>
    <![CDATA[Visibility of Facebook Logo = true]]>
  </system-out>
  <testcase classname="testCases.Cart_3_Test" name="clickContinueShoppingbtnTest" time="15.875"/>
  <system-out>
    <![CDATA[Verify After Click on Con Shopping btn URL = https://www.saucedemo.com/inventory.html]]>
  </system-out>
  <testcase classname="testCases.Cart_3_Test" name="verifyYourCartLableTest" time="8.467"/>
  <system-out>
    <![CDATA[Verify Your Cart Lable= Your Cart]]>
  </system-out>
  <testcase classname="testCases.Cart_3_Test" name="verifyCartQTYLableTest" time="8.786"/>
  <system-out>
    <![CDATA[Verify Cart Page QTY Lable = QTY]]>
  </system-out>
  <testcase classname="testCases.Cart_3_Test" name="verifyTwitterLogoTest" time="8.312"/>
  <system-out>
    <![CDATA[Visibility of Twitter Logo = true]]>
  </system-out>
  <testcase classname="testCases.Cart_3_Test" name="verifyURLofApplicationTest" time="8.299"/>
  <system-out>
    <![CDATA[Verify URL of Cart Page = https://www.saucedemo.com/cart.html]]>
  </system-out>
  <testcase classname="testCases.Cart_3_Test" name="verifylinkinedLogoTest" time="8.127"/>
  <system-out>
    <![CDATA[Visibility of Linkined Logo = true]]>
  </system-out>
  <testcase classname="testCases.Cart_3_Test" name="verifyCartDescriptionLableTest" time="8.569"/>
  <system-out>
    <![CDATA[Verify Cart Page Description Lable = Description]]>
  </system-out>
</testsuite> <!-- testCases.Cart_3_Test -->
