<?xml version="1.0" encoding="UTF-8"?>
<!-- Generated by org.testng.reporters.JUnitReportReporter -->
<testsuite hostname="CHETAN" failures="0" tests="5" name="testCases.Checkout_Page1_4_Test" time="39.044" errors="0" timestamp="2023-12-27T09:23:44 IST" skipped="0">
  <testcase classname="testCases.Checkout_Page1_4_Test" name="verifycancelBtnTest" time="7.927"/>
  <system-out>
    <![CDATA[After click on Cancel button URL = https://www.saucedemo.com/cart.html]]>
  </system-out>
  <testcase classname="testCases.Checkout_Page1_4_Test" name="verifyTitleofApplicationTest" time="7.871"/>
  <system-out>
    <![CDATA[Title of Checkout Page 1 = Checkout: Your Information]]>
  </system-out>
  <testcase classname="testCases.Checkout_Page1_4_Test" name="verifyURLofCheckoutPageTest" time="7.268"/>
  <system-out>
    <![CDATA[URL of Checkout Page 1 = https://www.saucedemo.com/checkout-step-one.html]]>
  </system-out>
  <testcase classname="testCases.Checkout_Page1_4_Test" name="verifyontinueBtnTest" time="7.566"/>
  <system-out>
    <![CDATA[After click on Continue Btn URL = https://www.saucedemo.com/checkout-step-two.html]]>
  </system-out>
  <testcase classname="testCases.Checkout_Page1_4_Test" name="inputInformationTest" time="8.412"/>
  <system-out>
    <![CDATA[Title of Checkout Page 2 = https://www.saucedemo.com/checkout-step-two.html]]>
  </system-out>
</testsuite> <!-- testCases.Checkout_Page1_4_Test -->
