<?xml version="1.0" encoding="UTF-8"?>
<!-- Generated by org.testng.reporters.JUnitReportReporter -->
<testsuite hostname="CHETAN" failures="0" tests="1" name="testCases.VerifyMultipleCredentialsTest" time="5.523" errors="0" timestamp="2023-12-27T09:23:44 IST" skipped="0">
  <testcase classname="testCases.VerifyMultipleCredentialsTest" name="loginToAppMultipleCredTest" time="5.523"/>
  <system-out>
    <![CDATA[Multiple Credential Test = https://www.saucedemo.com/inventory.html]]>
  </system-out>
</testsuite> <!-- testCases.VerifyMultipleCredentialsTest -->
