<?xml version="1.0" encoding="UTF-8"?>
<!-- Generated by org.testng.reporters.JUnitReportReporter -->
<testsuite hostname="CHETAN" failures="0" tests="8" name="testCases.Inventary_Page_2_Test" time="78.029" errors="0" timestamp="2023-12-19T10:55:02 IST" skipped="0">
  <testcase classname="testCases.Inventary_Page_2_Test" name="verifytitleofInventaryPageTest" time="5.379"/>
  <system-out>
    <![CDATA[Logo Of Inventary Page = Swag Labs]]>
  </system-out>
  <testcase classname="testCases.Inventary_Page_2_Test" name="verifyPrivacyPolocyLabelTest" time="5.606"/>
  <system-out>
    <![CDATA[Visibility of Privacy Policy Labels of Inventary Page = Â© 2023 Sauce Labs. All Rights Reserved. Terms of Service | Privacy Policy]]>
  </system-out>
  <testcase classname="testCases.Inventary_Page_2_Test" name="verifyProductLableTest" time="37.546"/>
  <system-out>
    <![CDATA[Product Labels Of Inventary Page = Products]]>
  </system-out>
  <testcase classname="testCases.Inventary_Page_2_Test" name="verifylinkinedLogoTest" time="5.443"/>
  <system-out>
    <![CDATA[Visibility of Linkined Logo = true]]>
  </system-out>
  <testcase classname="testCases.Inventary_Page_2_Test" name="verifyTwitterLogoTest" time="5.440"/>
  <system-out>
    <![CDATA[Visibility of Twitter Logo = true]]>
  </system-out>
  <testcase classname="testCases.Inventary_Page_2_Test" name="verifyfacebookLogoTest" time="5.536"/>
  <system-out>
    <![CDATA[Visibility of Facebook Logo = true]]>
  </system-out>
  <testcase classname="testCases.Inventary_Page_2_Test" name="add6ProductsTest" time="6.856"/>
  <system-out>
    <![CDATA[Total Product Add To Cart = 6]]>
  </system-out>
  <testcase classname="testCases.Inventary_Page_2_Test" name="remove2Products" time="6.223"/>
  <system-out>
    <![CDATA[Count of Product After Removing = 4]]>
  </system-out>
</testsuite> <!-- testCases.Inventary_Page_2_Test -->
