<?xml version="1.0" encoding="UTF-8"?>
<!-- Generated by org.testng.reporters.JUnitReportReporter -->
<testsuite hostname="CHETAN" failures="0" tests="3" name="testCases.LoginPage_1_Test" time="19.025" errors="0" timestamp="2024-01-23T23:04:55 IST" skipped="0">
  <testcase classname="testCases.LoginPage_1_Test" name="verifyTitleofApplicationTest" time="6.616"/>
  <system-out>
    <![CDATA[Verify After Login Title of Application = Swag Labs]]>
  </system-out>
  <testcase classname="testCases.LoginPage_1_Test" name="verifyURLofApplicationTest" time="7.001"/>
  <system-out>
    <![CDATA[Verify Login URL of Application = https://www.saucedemo.com/]]>
  </system-out>
  <testcase classname="testCases.LoginPage_1_Test" name="loginToApplicationTest" time="5.408"/>
  <system-out>
    <![CDATA[Verify After Login Inventary Page URL = https://www.saucedemo.com/inventory.html]]>
  </system-out>
</testsuite> <!-- testCases.LoginPage_1_Test -->
