<?xml version="1.0" encoding="UTF-8"?>
<!-- Generated by org.testng.reporters.JUnitReportReporter -->
<testsuite hostname="CHETAN" failures="0" tests="10" name="testCases.Cart_3_Test" time="63.290" errors="0" timestamp="2023-12-20T11:22:36 IST" skipped="0">
  <testcase classname="testCases.Cart_3_Test" name="verifyfacebookLogoTest" time="6.103"/>
  <system-out>
    <![CDATA[Visibility of Facebook Logo = true]]>
  </system-out>
  <testcase classname="testCases.Cart_3_Test" name="clickContinueShoppingbtnTest" time="8.016"/>
  <system-out>
    <![CDATA[Verify After Click on Con Shopping btn URL = https://www.saucedemo.com/inventory.html]]>
  </system-out>
  <testcase classname="testCases.Cart_3_Test" name="verifyYourCartLableTest" time="5.960"/>
  <system-out>
    <![CDATA[Verify Your Cart Lable= Your Cart]]>
  </system-out>
  <testcase classname="testCases.Cart_3_Test" name="verifyTwitterLogoTest" time="6.078"/>
  <system-out>
    <![CDATA[Visibility of Twitter Logo = true]]>
  </system-out>
  <testcase classname="testCases.Cart_3_Test" name="verifyCartDescriptionLableTest" time="5.987"/>
  <system-out>
    <![CDATA[Verify Cart Page Description Lable = Description]]>
  </system-out>
  <testcase classname="testCases.Cart_3_Test" name="verifyTitleOfApplicationTest" time="6.838"/>
  <system-out>
    <![CDATA[Logo of Cart Page= Swag Labs]]>
  </system-out>
  <testcase classname="testCases.Cart_3_Test" name="clickCheckoutbtnTest" time="6.166"/>
  <system-out>
    <![CDATA[Varify After Click on Checkoutbtn URL = https://www.saucedemo.com/checkout-step-one.html]]>
  </system-out>
  <testcase classname="testCases.Cart_3_Test" name="verifylinkinedLogoTest" time="6.050"/>
  <system-out>
    <![CDATA[Visibility of Linkined Logo = true]]>
  </system-out>
  <testcase classname="testCases.Cart_3_Test" name="verifyCartQTYLableTest" time="6.104"/>
  <system-out>
    <![CDATA[Verify Cart Page QTY Lable = QTY]]>
  </system-out>
  <testcase classname="testCases.Cart_3_Test" name="verifyURLofApplicationTest" time="5.988"/>
  <system-out>
    <![CDATA[Verify URL of Cart Page = https://www.saucedemo.com/cart.html]]>
  </system-out>
</testsuite> <!-- testCases.Cart_3_Test -->
