<?xml version="1.0" encoding="UTF-8"?>
<!-- Generated by org.testng.reporters.JUnitReportReporter -->
<testsuite hostname="CHETAN" failures="0" tests="6" name="testCases.Checkout_Page_2_Test_5" time="38.564" errors="0" timestamp="2023-12-20T11:22:36 IST" skipped="0">
  <testcase classname="testCases.Checkout_Page_2_Test_5" name="verifyShippinfInfoLableTest" time="6.458"/>
  <system-out>
    <![CDATA[Shipping Information]]>
  </system-out>
  <testcase classname="testCases.Checkout_Page_2_Test_5" name="verifycheckoutOverviewLableTest" time="6.333"/>
  <system-out>
    <![CDATA[Lable of Checkout Page 2 = Checkout: Overview]]>
  </system-out>
  <testcase classname="testCases.Checkout_Page_2_Test_5" name="verifyPaymentInfoLableTest" time="6.341"/>
  <system-out>
    <![CDATA[Payment Information]]>
  </system-out>
  <testcase classname="testCases.Checkout_Page_2_Test_5" name="clickOnFinishBtnTest" time="6.537"/>
  <system-out>
    <![CDATA[URL of Complete Page = https://www.saucedemo.com/checkout-complete.html]]>
  </system-out>
  <testcase classname="testCases.Checkout_Page_2_Test_5" name="verifyQTYLableTest" time="6.484"/>
  <system-out>
    <![CDATA[QTY]]>
  </system-out>
  <testcase classname="testCases.Checkout_Page_2_Test_5" name="verifyDescriptionLableTest" time="6.411"/>
  <system-out>
    <![CDATA[Description]]>
  </system-out>
</testsuite> <!-- testCases.Checkout_Page_2_Test_5 -->
