<?xml version="1.0" encoding="UTF-8"?>
<!-- Generated by org.testng.reporters.JUnitReportReporter -->
<testsuite hostname="CHETAN" failures="0" tests="5" name="testCases.Complete_Page_6_Test" time="34.020" errors="0" timestamp="2024-01-21T13:25:47 IST" skipped="0">
  <testcase classname="testCases.Complete_Page_6_Test" name="verifyThankYouForHeaderTest" time="6.531"/>
  <system-out>
    <![CDATA[Visibility of Header Text = Thank you for your order!]]>
  </system-out>
  <testcase classname="testCases.Complete_Page_6_Test" name="verifyCheckoutCompleteLableTest" time="7.414"/>
  <system-out>
    <![CDATA[Visibiliti of Checkout Complete Lable = Checkout: Complete!]]>
  </system-out>
  <testcase classname="testCases.Complete_Page_6_Test" name="verifyPonyExpressIMGTest" time="6.715"/>
  <system-out>
    <![CDATA[Visibility of PonnyExpressIMG = true]]>
  </system-out>
  <testcase classname="testCases.Complete_Page_6_Test" name="clickOnBackHomeBtnTest" time="6.764"/>
  <system-out>
    <![CDATA[After Click On Back To Home Btn URL = https://www.saucedemo.com/inventory.html]]>
  </system-out>
  <testcase classname="testCases.Complete_Page_6_Test" name="verifyCompleteTextTest" time="6.596"/>
  <system-out>
    <![CDATA[Visibility of Complete text = Your order has been dispatched, and will arrive just as fast as the pony can get there!]]>
  </system-out>
</testsuite> <!-- testCases.Complete_Page_6_Test -->
