<?xml version="1.0" encoding="UTF-8"?>
<!-- Generated by org.testng.reporters.JUnitReportReporter -->
<testsuite hostname="CHETAN" failures="0" tests="7" name="testCases.Inventary_Page_2_Test" time="48.147" errors="0" timestamp="2023-12-27T09:23:44 IST" skipped="0">
  <testcase classname="testCases.Inventary_Page_2_Test" name="verifyProductLableTest" time="6.530"/>
  <system-out>
    <![CDATA[Product Labels Of Inventary Page = Products]]>
  </system-out>
  <testcase classname="testCases.Inventary_Page_2_Test" name="remove2Products" time="8.918"/>
  <system-out>
    <![CDATA[Count of Product After Removing = 4]]>
  </system-out>
  <testcase classname="testCases.Inventary_Page_2_Test" name="verifytitleofInventaryPageTest" time="6.165"/>
  <system-out>
    <![CDATA[Logo Of Inventary Page = Swag Labs]]>
  </system-out>
  <testcase classname="testCases.Inventary_Page_2_Test" name="add6ProductsTest" time="7.236"/>
  <system-out>
    <![CDATA[Total Product Add To Cart = 6]]>
  </system-out>
  <testcase classname="testCases.Inventary_Page_2_Test" name="verifyTwitterLogoTest" time="6.518"/>
  <system-out>
    <![CDATA[Visibility of Twitter Logo = true]]>
  </system-out>
  <testcase classname="testCases.Inventary_Page_2_Test" name="verifylinkinedLogoTest" time="6.158"/>
  <system-out>
    <![CDATA[Visibility of Linkined Logo = true]]>
  </system-out>
  <testcase classname="testCases.Inventary_Page_2_Test" name="verifyfacebookLogoTest" time="6.622"/>
  <system-out>
    <![CDATA[Visibility of Facebook Logo = true]]>
  </system-out>
</testsuite> <!-- testCases.Inventary_Page_2_Test -->
