<?xml version="1.0" encoding="UTF-8"?>
<!-- Generated by org.testng.reporters.JUnitReportReporter -->
<testsuite hostname="CHETAN" failures="0" tests="7" name="testCases.Inventary_Page_2_Test" time="60.573" errors="0" timestamp="2024-02-19T22:19:14 IST" skipped="0">
  <testcase classname="testCases.Inventary_Page_2_Test" name="add6ProductsTest" time="9.295"/>
  <system-out>
    <![CDATA[Total Product Add To Cart = 6]]>
  </system-out>
  <testcase classname="testCases.Inventary_Page_2_Test" name="remove2Products" time="8.097"/>
  <system-out>
    <![CDATA[Count of Product After Removing = 4]]>
  </system-out>
  <testcase classname="testCases.Inventary_Page_2_Test" name="verifyTwitterLogoTest" time="7.287"/>
  <system-out>
    <![CDATA[Visibility of Twitter Logo = true]]>
  </system-out>
  <testcase classname="testCases.Inventary_Page_2_Test" name="verifytitleofInventaryPageTest" time="7.155"/>
  <system-out>
    <![CDATA[Logo Of Inventary Page = Swag Labs]]>
  </system-out>
  <testcase classname="testCases.Inventary_Page_2_Test" name="verifyfacebookLogoTest" time="7.563"/>
  <system-out>
    <![CDATA[Visibility of Facebook Logo = true]]>
  </system-out>
  <testcase classname="testCases.Inventary_Page_2_Test" name="verifyProductLableTest" time="7.429"/>
  <system-out>
    <![CDATA[Product Labels Of Inventary Page = Products]]>
  </system-out>
  <testcase classname="testCases.Inventary_Page_2_Test" name="verifylinkinedLogoTest" time="13.747"/>
  <system-out>
    <![CDATA[Visibility of Linkined Logo = true]]>
  </system-out>
</testsuite> <!-- testCases.Inventary_Page_2_Test -->
