<?xml version="1.0" encoding="UTF-8"?>
<!-- Generated by org.testng.reporters.JUnitReportReporter -->
<testsuite hostname="CHETAN" failures="0" tests="6" name="testCases.Checkout_Page_2_Test_5" time="53.026" errors="0" timestamp="2024-02-22T11:41:05 IST" skipped="0">
  <testcase classname="testCases.Checkout_Page_2_Test_5" name="verifyShippinfInfoLableTest" time="8.429"/>
  <system-out>
    <![CDATA[Shipping Information]]>
  </system-out>
  <testcase classname="testCases.Checkout_Page_2_Test_5" name="verifyPaymentInfoLableTest" time="9.200"/>
  <system-out>
    <![CDATA[Payment Information]]>
  </system-out>
  <testcase classname="testCases.Checkout_Page_2_Test_5" name="verifyDescriptionLableTest" time="8.516"/>
  <system-out>
    <![CDATA[Description]]>
  </system-out>
  <testcase classname="testCases.Checkout_Page_2_Test_5" name="clickOnFinishBtnTest" time="9.176"/>
  <system-out>
    <![CDATA[URL of Complete Page = https://www.saucedemo.com/checkout-complete.html]]>
  </system-out>
  <testcase classname="testCases.Checkout_Page_2_Test_5" name="verifyQTYLableTest" time="8.790"/>
  <system-out>
    <![CDATA[QTY]]>
  </system-out>
  <testcase classname="testCases.Checkout_Page_2_Test_5" name="verifycheckoutOverviewLableTest" time="8.915"/>
  <system-out>
    <![CDATA[Lable of Checkout Page 2 = Checkout: Overview]]>
  </system-out>
</testsuite> <!-- testCases.Checkout_Page_2_Test_5 -->
