<?xml version="1.0" encoding="UTF-8"?>
<!-- Generated by org.testng.reporters.JUnitReportReporter -->
<testsuite hostname="CHETAN" failures="0" tests="5" name="testCases.Checkout_Page1_4_Test" time="36.449" errors="0" timestamp="2024-01-04T12:51:43 IST" skipped="0">
  <testcase classname="testCases.Checkout_Page1_4_Test" name="inputInformationTest" time="7.727"/>
  <system-out>
    <![CDATA[Title of Checkout Page 2 = https://www.saucedemo.com/checkout-step-two.html]]>
  </system-out>
  <testcase classname="testCases.Checkout_Page1_4_Test" name="verifyontinueBtnTest" time="7.635"/>
  <system-out>
    <![CDATA[After click on Continue Btn URL = https://www.saucedemo.com/checkout-step-two.html]]>
  </system-out>
  <testcase classname="testCases.Checkout_Page1_4_Test" name="verifyURLofCheckoutPageTest" time="6.538"/>
  <system-out>
    <![CDATA[URL of Checkout Page 1 = https://www.saucedemo.com/checkout-step-one.html]]>
  </system-out>
  <testcase classname="testCases.Checkout_Page1_4_Test" name="verifyTitleofApplicationTest" time="6.752"/>
  <system-out>
    <![CDATA[Title of Checkout Page 1 = Checkout: Your Information]]>
  </system-out>
  <testcase classname="testCases.Checkout_Page1_4_Test" name="verifycancelBtnTest" time="7.797"/>
  <system-out>
    <![CDATA[After click on Cancel button URL = https://www.saucedemo.com/cart.html]]>
  </system-out>
</testsuite> <!-- testCases.Checkout_Page1_4_Test -->
