<?xml version="1.0" encoding="UTF-8"?>
<!-- Generated by org.testng.reporters.JUnitReportReporter -->
<testsuite hostname="CHETAN" failures="0" tests="10" name="testCases.Cart_3_Test" time="101.356" errors="0" timestamp="2023-12-27T09:23:44 IST" skipped="0">
  <testcase classname="testCases.Cart_3_Test" name="verifyCartQTYLableTest" time="6.866"/>
  <system-out>
    <![CDATA[Verify Cart Page QTY Lable = QTY]]>
  </system-out>
  <testcase classname="testCases.Cart_3_Test" name="verifyTitleOfApplicationTest" time="34.966"/>
  <system-out>
    <![CDATA[Logo of Cart Page= Swag Labs]]>
  </system-out>
  <testcase classname="testCases.Cart_3_Test" name="verifyCartDescriptionLableTest" time="7.805"/>
  <system-out>
    <![CDATA[Verify Cart Page Description Lable = Description]]>
  </system-out>
  <testcase classname="testCases.Cart_3_Test" name="clickContinueShoppingbtnTest" time="7.187"/>
  <system-out>
    <![CDATA[Verify After Click on Con Shopping btn URL = https://www.saucedemo.com/inventory.html]]>
  </system-out>
  <testcase classname="testCases.Cart_3_Test" name="verifylinkinedLogoTest" time="7.199"/>
  <system-out>
    <![CDATA[Visibility of Linkined Logo = true]]>
  </system-out>
  <testcase classname="testCases.Cart_3_Test" name="verifyfacebookLogoTest" time="7.869"/>
  <system-out>
    <![CDATA[Visibility of Facebook Logo = true]]>
  </system-out>
  <testcase classname="testCases.Cart_3_Test" name="verifyYourCartLableTest" time="7.163"/>
  <system-out>
    <![CDATA[Verify Your Cart Lable= Your Cart]]>
  </system-out>
  <testcase classname="testCases.Cart_3_Test" name="verifyTwitterLogoTest" time="7.373"/>
  <system-out>
    <![CDATA[Visibility of Twitter Logo = true]]>
  </system-out>
  <testcase classname="testCases.Cart_3_Test" name="clickCheckoutbtnTest" time="8.001"/>
  <system-out>
    <![CDATA[Varify After Click on Checkoutbtn URL = https://www.saucedemo.com/checkout-step-one.html]]>
  </system-out>
  <testcase classname="testCases.Cart_3_Test" name="verifyURLofApplicationTest" time="6.927"/>
  <system-out>
    <![CDATA[Verify URL of Cart Page = https://www.saucedemo.com/cart.html]]>
  </system-out>
</testsuite> <!-- testCases.Cart_3_Test -->
