<?xml version="1.0" encoding="UTF-8"?>
<!-- Generated by org.testng.reporters.JUnitReportReporter -->
<testsuite hostname="CHETAN" failures="0" tests="5" name="testCases.Complete_Page_6_Test" time="39.798" errors="0" timestamp="2023-12-27T09:23:44 IST" skipped="0">
  <testcase classname="testCases.Complete_Page_6_Test" name="verifyPonyExpressIMGTest" time="7.928"/>
  <system-out>
    <![CDATA[Visibility of PonnyExpressIMG = true]]>
  </system-out>
  <testcase classname="testCases.Complete_Page_6_Test" name="clickOnBackHomeBtnTest" time="7.706"/>
  <system-out>
    <![CDATA[After Click On Back To Home Btn URL = https://www.saucedemo.com/inventory.html]]>
  </system-out>
  <testcase classname="testCases.Complete_Page_6_Test" name="verifyCompleteTextTest" time="7.824"/>
  <system-out>
    <![CDATA[Visibility of Complete text = Your order has been dispatched, and will arrive just as fast as the pony can get there!]]>
  </system-out>
  <testcase classname="testCases.Complete_Page_6_Test" name="verifyCheckoutCompleteLableTest" time="7.665"/>
  <system-out>
    <![CDATA[Visibiliti of Checkout Complete Lable = Checkout: Complete!]]>
  </system-out>
  <testcase classname="testCases.Complete_Page_6_Test" name="verifyThankYouForHeaderTest" time="8.675"/>
  <system-out>
    <![CDATA[Visibility of Header Text = Thank you for your order!]]>
  </system-out>
</testsuite> <!-- testCases.Complete_Page_6_Test -->
