<?xml version="1.0" encoding="UTF-8"?>
<!-- Generated by org.testng.reporters.JUnitReportReporter -->
<testsuite hostname="CHETAN" failures="0" tests="1" name="testCases.VerifyMultipleCredentialsTest" time="5.905" errors="0" timestamp="2024-01-04T12:51:43 IST" skipped="0">
  <testcase classname="testCases.VerifyMultipleCredentialsTest" name="loginToAppMultipleCredTest" time="5.905"/>
  <system-out>
    <![CDATA[Multiple Credential Test = https://www.saucedemo.com/inventory.html]]>
  </system-out>
</testsuite> <!-- testCases.VerifyMultipleCredentialsTest -->
