<?xml version="1.0" encoding="UTF-8"?>
<!-- Generated by org.testng.reporters.JUnitReportReporter -->
<testsuite hostname="CHETAN" failures="0" tests="10" name="testCases.Cart_3_Test" time="74.295" errors="0" timestamp="2024-01-04T12:51:43 IST" skipped="0">
  <testcase classname="testCases.Cart_3_Test" name="verifyYourCartLableTest" time="6.918"/>
  <system-out>
    <![CDATA[Verify Your Cart Lable= Your Cart]]>
  </system-out>
  <testcase classname="testCases.Cart_3_Test" name="verifyTwitterLogoTest" time="6.987"/>
  <system-out>
    <![CDATA[Visibility of Twitter Logo = true]]>
  </system-out>
  <testcase classname="testCases.Cart_3_Test" name="verifyfacebookLogoTest" time="6.868"/>
  <system-out>
    <![CDATA[Visibility of Facebook Logo = true]]>
  </system-out>
  <testcase classname="testCases.Cart_3_Test" name="clickContinueShoppingbtnTest" time="6.953"/>
  <system-out>
    <![CDATA[Verify After Click on Con Shopping btn URL = https://www.saucedemo.com/inventory.html]]>
  </system-out>
  <testcase classname="testCases.Cart_3_Test" name="verifyURLofApplicationTest" time="9.222"/>
  <system-out>
    <![CDATA[Verify URL of Cart Page = https://www.saucedemo.com/cart.html]]>
  </system-out>
  <testcase classname="testCases.Cart_3_Test" name="verifyCartQTYLableTest" time="6.915"/>
  <system-out>
    <![CDATA[Verify Cart Page QTY Lable = QTY]]>
  </system-out>
  <testcase classname="testCases.Cart_3_Test" name="verifyTitleOfApplicationTest" time="7.961"/>
  <system-out>
    <![CDATA[Logo of Cart Page= Swag Labs]]>
  </system-out>
  <testcase classname="testCases.Cart_3_Test" name="clickCheckoutbtnTest" time="8.872"/>
  <system-out>
    <![CDATA[Varify After Click on Checkoutbtn URL = https://www.saucedemo.com/checkout-step-one.html]]>
  </system-out>
  <testcase classname="testCases.Cart_3_Test" name="verifylinkinedLogoTest" time="6.683"/>
  <system-out>
    <![CDATA[Visibility of Linkined Logo = true]]>
  </system-out>
  <testcase classname="testCases.Cart_3_Test" name="verifyCartDescriptionLableTest" time="6.916"/>
  <system-out>
    <![CDATA[Verify Cart Page Description Lable = Description]]>
  </system-out>
</testsuite> <!-- testCases.Cart_3_Test -->
