<?xml version="1.0" encoding="UTF-8"?>
<!-- Generated by org.testng.reporters.JUnitReportReporter -->
<testsuite hostname="CHETAN" failures="0" tests="5" name="testCases.Complete_Page_6_Test" time="37.940" errors="0" timestamp="2024-01-04T12:51:43 IST" skipped="0">
  <testcase classname="testCases.Complete_Page_6_Test" name="clickOnBackHomeBtnTest" time="7.406"/>
  <system-out>
    <![CDATA[After Click On Back To Home Btn URL = https://www.saucedemo.com/inventory.html]]>
  </system-out>
  <testcase classname="testCases.Complete_Page_6_Test" name="verifyCheckoutCompleteLableTest" time="7.253"/>
  <system-out>
    <![CDATA[Visibiliti of Checkout Complete Lable = Checkout: Complete!]]>
  </system-out>
  <testcase classname="testCases.Complete_Page_6_Test" name="verifyCompleteTextTest" time="8.780"/>
  <system-out>
    <![CDATA[Visibility of Complete text = Your order has been dispatched, and will arrive just as fast as the pony can get there!]]>
  </system-out>
  <testcase classname="testCases.Complete_Page_6_Test" name="verifyPonyExpressIMGTest" time="7.149"/>
  <system-out>
    <![CDATA[Visibility of PonnyExpressIMG = true]]>
  </system-out>
  <testcase classname="testCases.Complete_Page_6_Test" name="verifyThankYouForHeaderTest" time="7.352"/>
  <system-out>
    <![CDATA[Visibility of Header Text = Thank you for your order!]]>
  </system-out>
</testsuite> <!-- testCases.Complete_Page_6_Test -->
